<?xml version="1.0" encoding="UTF-8"?>
<!-- Generated by org.testng.reporters.JUnitXMLReporter -->
<testsuite hostname="cb-mac-Cacho.local" ignored="0" name="Surefire test" tests="8" failures="0" timestamp="2021-10-10T12:35:00 PDT" time="0.036" errors="0">
  <testcase name="BrowserAutomation" time="0.004" classname="MavenProject.FirstMavenProject.aSeleniumTest"/>
  <testcase name="elementsUI" time="0.0" classname="MavenProject.FirstMavenProject.aSeleniumTest"/>
  <testcase name="printme" time="0.0" classname="MavenProject.FirstMavenProject.AppTest"/>
  <testcase name="shouldAnswerWithTrue" time="0.001" classname="MavenProject.FirstMavenProject.AppTest"/>
  <testcase name="NativeAppAndroid" time="0.0" classname="MavenProject.FirstMavenProject.bAppiumTest"/>
  <testcase name="iOSApps" time="0.0" classname="MavenProject.FirstMavenProject.bAppiumTest"/>
  <testcase name="deleteTwitter" time="0.0" classname="MavenProject.FirstMavenProject.cRestApiTest"/>
  <testcase name="postJIRA" time="0.0" classname="MavenProject.FirstMavenProject.cRestApiTest"/>
</testsuite> <!-- Surefire test -->
