<?xml version="1.0" encoding="UTF-8"?>
<testsuite xmlns:xsi="http://www.w3.org/2001/XMLSchema-instance" xsi:noNamespaceSchemaLocation="https://maven.apache.org/surefire/maven-surefire-plugin/xsd/surefire-test-report.xsd" name="TestSuite" time="70.212" tests="19" errors="0" skipped="0" failures="2">
  <properties>
[...]
</properties>
  <testcase name="BrowserAutomation" classname="MavenProject.FirstMavenProject.aSeleniumTest" time="0.002"/>
  <testcase name="elementsUI" classname="MavenProject.FirstMavenProject.aSeleniumTest" time="0"/>
  <testcase name="NativeAppAndroid" classname="MavenProject.FirstMavenProject.bAppiumTest" time="0"/>
  <testcase name="iOSApps" classname="MavenProject.FirstMavenProject.bAppiumTest" time="0"/>
  <testcase name="deleteTwitter" classname="MavenProject.FirstMavenProject.cRestApiTest" time="0"/>
  <testcase name="postJIRA" classname="MavenProject.FirstMavenProject.cRestApiTest" time="0"/>
  <testcase name="maxBrowserSize" classname="MavenProject.FirstMavenProject.dAutomateBrowserActionsGoDaddySite1" time="0.169"/>
  <testcase name="printTitlePageCurrentURL" classname="MavenProject.FirstMavenProject.dAutomateBrowserActionsGoDaddySite1" time="0.232"/>
  <testcase name="pageSourcePageTitle" classname="MavenProject.FirstMavenProject.dAutomateBrowserActionsGoDaddySite1" time="0.206"/>
  <testcase name="amazonPayLink" classname="MavenProject.FirstMavenProject.eAutomateAmazonNewsWebMenuLinks1" time="0.791">
    <failure message="no such element: Unable to locate element: {&quot;method&quot;:&quot;link text&quot;,&quot;selector&quot;:&quot;Amazon Pay&quot;}&#10;  (Session info: chrome=94.0.4606.81)&#10;For documentation on this error, please visit: https://www.seleniumhq.org/exceptions/no_such_element.html&#10;Build info: version: &apos;3.141.59&apos;, revision: &apos;e82be7d358&apos;, time: &apos;2018-11-14T08:17:03&apos;&#10;System info: host: &apos;cb-mac-Cacho.local&apos;, ip: &apos;fe80:0:0:0:c4b:b3da:531c:938a%en0&apos;, os.name: &apos;Mac OS X&apos;, os.arch: &apos;x86_64&apos;, os.version: &apos;10.14.5&apos;, java.version: &apos;1.8.0_131&apos;&#10;Driver info: org.openqa.selenium.chrome.ChromeDriver&#10;Capabilities {acceptInsecureCerts: false, browserName: chrome, browserVersion: 94.0.4606.81, chrome: {chromedriverVersion: 94.0.4606.61 (418b78f5838ed..., userDataDir: /var/folders/lr/dbfkn51n487...}, goog:chromeOptions: {debuggerAddress: localhost:63208}, javascriptEnabled: true, networkConnectionEnabled: false, pageLoadStrategy: normal, platform: MAC, platformName: MAC, proxy: Proxy(), setWindowRect: true, strictFileInteractability: false, timeouts: {implicit: 0, pageLoad: 300000, script: 30000}, unhandledPromptBehavior: dismiss and notify, webauthn:extension:credBlob: true, webauthn:extension:largeBlob: true, webauthn:virtualAuthenticators: true}&#10;Session ID: 78b1c150506ad21d5c6f51635fade327&#10;*** Element info: {Using=link text, value=Amazon Pay}" type="org.openqa.selenium.NoSuchElementException">org.openqa.selenium.NoSuchElementException: 
no such element: Unable to locate element: {"method":"link text","selector":"Amazon Pay"}
  (Session info: chrome=94.0.4606.81)
For documentation on this error, please visit: https://www.seleniumhq.org/exceptions/no_such_element.html
Build info: version: '3.141.59', revision: 'e82be7d358', time: '2018-11-14T08:17:03'
System info: host: 'cb-mac-Cacho.local', ip: 'fe80:0:0:0:c4b:b3da:531c:938a%en0', os.name: 'Mac OS X', os.arch: 'x86_64', os.version: '10.14.5', java.version: '1.8.0_131'
Driver info: org.openqa.selenium.chrome.ChromeDriver
Capabilities {acceptInsecureCerts: false, browserName: chrome, browserVersion: 94.0.4606.81, chrome: {chromedriverVersion: 94.0.4606.61 (418b78f5838ed..., userDataDir: /var/folders/lr/dbfkn51n487...}, goog:chromeOptions: {debuggerAddress: localhost:63208}, javascriptEnabled: true, networkConnectionEnabled: false, pageLoadStrategy: normal, platform: MAC, platformName: MAC, proxy: Proxy(), setWindowRect: true, strictFileInteractability: false, timeouts: {implicit: 0, pageLoad: 300000, script: 30000}, unhandledPromptBehavior: dismiss and notify, webauthn:extension:credBlob: true, webauthn:extension:largeBlob: true, webauthn:virtualAuthenticators: true}
Session ID: 78b1c150506ad21d5c6f51635fade327
*** Element info: {Using=link text, value=Amazon Pay}
	at MavenProject.FirstMavenProject.eAutomateAmazonNewsWebMenuLinks1.amazonPayLink(eAutomateAmazonNewsWebMenuLinks1.java:71)
</failure>
    <system-out><![CDATA[Online Shopping site in India: Shop Online for Mobiles, Books, Watches, Shoes and More - Amazon.in
]]></system-out>
  </testcase>
  <testcase name="allAutomateLinks" classname="MavenProject.FirstMavenProject.eAutomateAmazonNewsWebMenuLinks1" time="31.454"/>
  <testcase name="javaTutorialPageTitle" classname="MavenProject.FirstMavenProject.fAutomateTechtListingLinks1" time="0.193"/>
  <testcase name="seleniumWithTestNGPageTitle" classname="MavenProject.FirstMavenProject.fAutomateTechtListingLinks1" time="3.656"/>
  <testcase name="selenuimBlogsTitle" classname="MavenProject.FirstMavenProject.fAutomateTechtListingLinks1" time="4.938"/>
  <testcase name="printListOptions" classname="MavenProject.FirstMavenProject.hAutomateGoogleSearch" time="1.133"/>
  <testcase name="createAccount" classname="MavenProject.FirstMavenProject.iAutomateUserRegistrationECommerce" time="3.176"/>
  <testcase name="personalInfo" classname="MavenProject.FirstMavenProject.iAutomateUserRegistrationECommerce" time="0.322">
    <failure message="no such element: Unable to locate element: {&quot;method&quot;:&quot;css selector&quot;,&quot;selector&quot;:&quot;#uniform-days&quot;}&#10;  (Session info: chrome=94.0.4606.81)&#10;For documentation on this error, please visit: https://www.seleniumhq.org/exceptions/no_such_element.html&#10;Build info: version: &apos;3.141.59&apos;, revision: &apos;e82be7d358&apos;, time: &apos;2018-11-14T08:17:03&apos;&#10;System info: host: &apos;cb-mac-Cacho.local&apos;, ip: &apos;fe80:0:0:0:c4b:b3da:531c:938a%en0&apos;, os.name: &apos;Mac OS X&apos;, os.arch: &apos;x86_64&apos;, os.version: &apos;10.14.5&apos;, java.version: &apos;1.8.0_131&apos;&#10;Driver info: org.openqa.selenium.chrome.ChromeDriver&#10;Capabilities {acceptInsecureCerts: false, browserName: chrome, browserVersion: 94.0.4606.81, chrome: {chromedriverVersion: 94.0.4606.61 (418b78f5838ed..., userDataDir: /var/folders/lr/dbfkn51n487...}, goog:chromeOptions: {debuggerAddress: localhost:63527}, javascriptEnabled: true, networkConnectionEnabled: false, pageLoadStrategy: normal, platform: MAC, platformName: MAC, proxy: Proxy(), setWindowRect: true, strictFileInteractability: false, timeouts: {implicit: 0, pageLoad: 300000, script: 30000}, unhandledPromptBehavior: dismiss and notify, webauthn:extension:credBlob: true, webauthn:extension:largeBlob: true, webauthn:virtualAuthenticators: true}&#10;Session ID: 0c98d5c266e1c7dbb5d8c47ddf6707c9&#10;*** Element info: {Using=css selector, value=#uniform-days}" type="org.openqa.selenium.NoSuchElementException">org.openqa.selenium.NoSuchElementException: 
no such element: Unable to locate element: {"method":"css selector","selector":"#uniform-days"}
  (Session info: chrome=94.0.4606.81)
For documentation on this error, please visit: https://www.seleniumhq.org/exceptions/no_such_element.html
Build info: version: '3.141.59', revision: 'e82be7d358', time: '2018-11-14T08:17:03'
System info: host: 'cb-mac-Cacho.local', ip: 'fe80:0:0:0:c4b:b3da:531c:938a%en0', os.name: 'Mac OS X', os.arch: 'x86_64', os.version: '10.14.5', java.version: '1.8.0_131'
Driver info: org.openqa.selenium.chrome.ChromeDriver
Capabilities {acceptInsecureCerts: false, browserName: chrome, browserVersion: 94.0.4606.81, chrome: {chromedriverVersion: 94.0.4606.61 (418b78f5838ed..., userDataDir: /var/folders/lr/dbfkn51n487...}, goog:chromeOptions: {debuggerAddress: localhost:63527}, javascriptEnabled: true, networkConnectionEnabled: false, pageLoadStrategy: normal, platform: MAC, platformName: MAC, proxy: Proxy(), setWindowRect: true, strictFileInteractability: false, timeouts: {implicit: 0, pageLoad: 300000, script: 30000}, unhandledPromptBehavior: dismiss and notify, webauthn:extension:credBlob: true, webauthn:extension:largeBlob: true, webauthn:virtualAuthenticators: true}
Session ID: 0c98d5c266e1c7dbb5d8c47ddf6707c9
*** Element info: {Using=css selector, value=#uniform-days}
	at MavenProject.FirstMavenProject.iAutomateUserRegistrationECommerce.personalInfo(iAutomateUserRegistrationECommerce.java:118)
</failure>
  </testcase>
  <testcase name="address" classname="MavenProject.FirstMavenProject.iAutomateUserRegistrationECommerce" time="4.172"/>
  <testcase name="validateAcccount" classname="MavenProject.FirstMavenProject.iAutomateUserRegistrationECommerce" time="0.104"/>
</testsuite>